/home/flippert/.conda/envs/birds/bin/python
normalize features
load training data
Processing...
/scratch/data/preprocessed/1H/voronoi_dummy_radars=0_exclude=[]/radar/fall/2016
number of nans:  870
max bird measurement 9938497.9440479
Use Voronoi tessellation
input col birds_from_buffer
55990 870
birds_from_buffer
bird scale = 9938497.9440479
compute fluxes
/home/flippert/.conda/envs/birds/lib/python3.9/site-packages/birds-0.1.0-py3.9.egg/birds/dataloader.py:467: RuntimeWarning: invalid value encountered in remainder
  dd_interp = ((dd_i + 360) % 360 + (dd_j + 360) % 360) / 2
/home/flippert/.conda/envs/birds/lib/python3.9/site-packages/birds-0.1.0-py3.9.egg/birds/dataloader.py:482: RuntimeWarning: invalid value encountered in remainder
  data['direction'] = (data['direction'] + 360) % 360
number of sequences = 2480
discarded 0 sequences due to missing data
Done!
Processing...
/scratch/data/preprocessed/1H/voronoi_dummy_radars=0_exclude=[]/radar/fall/2017
number of nans:  8169
max bird measurement 9580697.41157437
Use Voronoi tessellation
input col birds_from_buffer
55990 8169
birds_from_buffer
bird scale = 9938497.9440479
compute fluxes
number of sequences = 1936
discarded 544 sequences due to missing data
Done!
training set size = 4416
loaded training data
load val data
Processing...
/scratch/data/preprocessed/1H/voronoi_dummy_radars=0_exclude=[]/radar/fall/2015
number of nans:  228
max bird measurement 12157881.069388226
Use Voronoi tessellation
input col birds_from_buffer
55990 228
birds_from_buffer
bird scale = 9938497.9440479
compute fluxes
number of sequences = 104
discarded 0 sequences due to missing data
Done!
loaded val data
----------------------------------------
hyperparameter settings: {'n_hidden': 64, 'n_fc_layers': 1, 'n_fc_layers_fluxmlp': 1, 'n_hidden_fluxmlp': 64, 'n_lstm_layers': 1, 'dropout_p': 0.25, 'lr': 0.001, 'lr_decay': 50, 'teacher_forcing_gamma': 0.9, 'conservation_constraint': 0.0}
train model [trial 0]
['u', 'v', 'cc', 'tp', 'sp', 't2m', 'sshf']
slurmstepd: error: *** JOB 7737087 ON r30n4 CANCELLED AT 2021-06-07T23:28:17 ***
srun: Job step aborted: Waiting up to 32 seconds for job step to finish.
slurmstepd: error: *** STEP 7737087.0 ON r30n4 CANCELLED AT 2021-06-07T23:28:17 ***
